This is e-pTeX, Version 3.1415926-p3.4-110825-2.6 (utf8.sjis) (TeX Live 2013/W32TeX) (format=platex 2019.8.30)  13 DEC 2019 15:49
entering extended mode
 restricted \write18 enabled.
 %&-line parsing enabled.
**chapter-proposed
(./chapter-proposed.tex
pLaTeX2e <2006/11/10> (based on LaTeX2e <2011/06/27> patch level 0)
Babel <3.9f> and hyphenation patterns for 78 languages loaded.
! Undefined control sequence.
l.1 \chapter
            {提案手法}\label{proposed}
? 
! Emergency stop.
l.1 \chapter
            {提案手法}\label{proposed}
End of file on the terminal!

 
Here is how much of TeX's memory you used:
 4 strings out of 494004
 78 string characters out of 6157311
 52398 words of memory out of 5000000
 3562 multiletter control sequences out of 15000+600000
 7519 words of font info for 31 fonts, out of 8000000 for 9000
 745 hyphenation exceptions out of 8191
 5i,0n,1p,53b,8s stack positions out of 5000i,500n,10000p,200000b,80000s
No pages of output.
