\BOOKMARK [0][-]{chapter.1}{はじめに}{}% 1
\BOOKMARK [0][-]{chapter.2}{ニューラルネットを用いた機械学習}{}% 2
\BOOKMARK [1][-]{section.2.1}{深層学習}{chapter.2}% 3
\BOOKMARK [1][-]{section.2.2}{損失関数と重み最適化}{chapter.2}% 4
\BOOKMARK [2][-]{subsection.2.2.1}{損失関数}{section.2.2}% 5
\BOOKMARK [2][-]{subsection.2.2.2}{重み最適化}{section.2.2}% 6
\BOOKMARK [2][-]{subsection.2.2.3}{Adam}{section.2.2}% 7
\BOOKMARK [1][-]{section.2.3}{畳み込みニューラルネットワーク}{chapter.2}% 8
\BOOKMARK [2][-]{subsection.2.3.1}{畳み込み層}{section.2.3}% 9
\BOOKMARK [2][-]{subsection.2.3.2}{プーリング層}{section.2.3}% 10
\BOOKMARK [2][-]{subsection.2.3.3}{全結合層と活性化関数}{section.2.3}% 11
\BOOKMARK [1][-]{section.2.4}{敵対生成ネットワーク}{chapter.2}% 12
\BOOKMARK [2][-]{subsection.2.4.1}{GANの損失関数}{section.2.4}% 13
\BOOKMARK [2][-]{subsection.2.4.2}{GANの最適解}{section.2.4}% 14
\BOOKMARK [2][-]{subsection.2.4.3}{Wasserstein GAN}{section.2.4}% 15
\BOOKMARK [1][-]{section.2.5}{ニューラルネットによる相互情報量の推定と最大化}{chapter.2}% 16
\BOOKMARK [2][-]{subsection.2.5.1}{相互情報量}{section.2.5}% 17
\BOOKMARK [2][-]{subsection.2.5.2}{Mutual Information Neural Estimation}{section.2.5}% 18
\BOOKMARK [2][-]{subsection.2.5.3}{Mutual information estimation and maximization}{section.2.5}% 19
\BOOKMARK [0][-]{chapter.3}{メル周波数スペクトログラム}{}% 20
\BOOKMARK [1][-]{section.3.1}{短時間フーリエ変換}{chapter.3}% 21
\BOOKMARK [1][-]{section.3.2}{メル周波数}{chapter.3}% 22
\BOOKMARK [0][-]{chapter.4}{関連研究}{}% 23
\BOOKMARK [1][-]{section.4.1}{Convolutional Neural Network Achieves Human-level Accuracy in Music Genre Classification}{chapter.4}% 24
\BOOKMARK [2][-]{subsection.4.1.1}{学習データセット作成}{section.4.1}% 25
\BOOKMARK [2][-]{subsection.4.1.2}{ネットワーク構成}{section.4.1}% 26
\BOOKMARK [2][-]{subsection.4.1.3}{各ジャンルにおける分類精度}{section.4.1}% 27
\BOOKMARK [2][-]{subsection.4.1.4}{問題点}{section.4.1}% 28
\BOOKMARK [1][-]{section.4.2}{Grad-CAM}{chapter.4}% 29
\BOOKMARK [2][-]{subsection.4.2.1}{入力画像のヒートマップ化}{section.4.2}% 30
\BOOKMARK [2][-]{subsection.4.2.2}{問題点}{section.4.2}% 31
\BOOKMARK [1][-]{section.4.3}{Harmonic/Percussive Separation using Median Filtering}{chapter.4}% 32
\BOOKMARK [2][-]{subsection.4.3.1}{メディアンフィルタ}{section.4.3}% 33
\BOOKMARK [2][-]{subsection.4.3.2}{ハーモニー成分とパーカッション成分}{section.4.3}% 34
\BOOKMARK [2][-]{subsection.4.3.3}{ハーモニー成分とパーカッション成分の分離}{section.4.3}% 35
\BOOKMARK [2][-]{subsection.4.3.4}{メリット}{section.4.3}% 36
\BOOKMARK [0][-]{chapter.5}{提案手法}{}% 37
\BOOKMARK [1][-]{section.5.1}{データセットの作成}{chapter.5}% 38
\BOOKMARK [2][-]{subsection.5.1.1}{GTZANデータセットの修正}{section.5.1}% 39
\BOOKMARK [2][-]{subsection.5.1.2}{学習用データセット作成}{section.5.1}% 40
\BOOKMARK [1][-]{section.5.2}{ジャンル分類器の構築}{chapter.5}% 41
\BOOKMARK [2][-]{subsection.5.2.1}{ジャンル分類器}{section.5.2}% 42
\BOOKMARK [1][-]{section.5.3}{データ生成器の構築}{chapter.5}% 43
\BOOKMARK [2][-]{subsection.5.3.1}{生成器モデル}{section.5.3}% 44
\BOOKMARK [2][-]{subsection.5.3.2}{ランダムノイズと分類結果の従属性}{section.5.3}% 45
\BOOKMARK [1][-]{section.5.4}{ジャンル境界の可視化}{chapter.5}% 46
\BOOKMARK [0][-]{chapter.6}{実験と検証}{}% 47
\BOOKMARK [1][-]{section.6.1}{分類モデルの評価}{chapter.6}% 48
\BOOKMARK [2][-]{subsection.6.1.1}{学習毎の損失と精度のグラフ}{section.6.1}% 49
\BOOKMARK [2][-]{subsection.6.1.2}{1曲分の分類精度}{section.6.1}% 50
\BOOKMARK [1][-]{section.6.2}{生成器モデルの評価}{chapter.6}% 51
\BOOKMARK [2][-]{subsection.6.2.1}{学習毎の損失}{section.6.2}% 52
\BOOKMARK [2][-]{subsection.6.2.2}{生成されるスペクトログラム}{section.6.2}% 53
\BOOKMARK [2][-]{subsection.6.2.3}{生成スペクトログラムのジャンル確率分布}{section.6.2}% 54
\BOOKMARK [1][-]{section.6.3}{2次元ジャンルマップの検証}{chapter.6}% 55
\BOOKMARK [0][-]{chapter.7}{おわりに}{}% 56
\BOOKMARK [0][-]{chapter.7}{謝辞}{}% 57
\BOOKMARK [0][-]{chapter*.8}{参考文献}{}% 58
\BOOKMARK [0][-]{appendix.A}{プログラムのソースコード}{}% 59
\BOOKMARK [0][-]{appendix.B}{Grad-CAMによる予備実験}{}% 60
\BOOKMARK [0][-]{appendix.C}{MNISTを用いた予備実験}{}% 61
