This is e-pTeX, Version 3.1415926-p3.4-110825-2.6 (utf8.sjis) (TeX Live 2013/W32TeX) (format=platex 2019.8.30)  16 DEC 2019 15:30
entering extended mode
 restricted \write18 enabled.
 %&-line parsing enabled.
**master_thesis
(./master_thesis.tex
pLaTeX2e <2006/11/10> (based on LaTeX2e <2011/06/27> patch level 0)
Babel <3.9f> and hyphenation patterns for 78 languages loaded.
(c:/texlive/2013/texmf-dist/tex/platex/base/jreport.cls
Document Class: jreport 2006/06/27 v1.6 Standard pLaTeX class
\c@@paper=\count81
(c:/texlive/2013/texmf-dist/tex/platex/base/jsize11.clo
File: jsize11.clo 2006/06/27 v1.6 Standard pLaTeX file (size option)
)
\c@part=\count82
\c@chapter=\count83
\c@section=\count84
\c@subsection=\count85
\c@subsubsection=\count86
\c@paragraph=\count87
\c@subparagraph=\count88
\c@figure=\count89
\c@table=\count90
\abovecaptionskip=\skip41
\belowcaptionskip=\skip42
\symmincho=\mathgroup4
LaTeX Font Info:    Overwriting symbol font `mincho' in version `bold'
(Font)                  JY1/mc/m/n --> JY1/gt/m/n on input line 677.
\toclineskip=\dimen118
\@lnumwidth=\dimen119
\bibindent=\dimen120
\heisei=\count91
) (./master_thesis.sty
(./mikibase.sty (c:/texlive/2013/texmf-dist/tex/latex/tools/multicol.sty
Package: multicol 2011/06/27 v1.7a multicolumn formatting (FMi)
\c@tracingmulticols=\count92
\mult@box=\box41
\multicol@leftmargin=\dimen121
\c@unbalance=\count93
\c@collectmore=\count94
\doublecol@number=\count95
\multicoltolerance=\count96
\multicolpretolerance=\count97
\full@width=\dimen122
\page@free=\dimen123
\premulticols=\dimen124
\postmulticols=\dimen125
\multicolsep=\skip43
\multicolbaselineskip=\skip44
\partial@page=\box42
\last@line=\box43
\mult@rightbox=\box44
\mult@grightbox=\box45
\mult@gfirstbox=\box46
\mult@firstbox=\box47
\@tempa=\box48
\@tempa=\box49
\@tempa=\box50
\@tempa=\box51
\@tempa=\box52
\@tempa=\box53
\@tempa=\box54
\@tempa=\box55
\@tempa=\box56
\@tempa=\box57
\@tempa=\box58
\@tempa=\box59
\@tempa=\box60
\@tempa=\box61
\@tempa=\box62
\@tempa=\box63
\@tempa=\box64
\c@columnbadness=\count98
\c@finalcolumnbadness=\count99
\last@try=\dimen126
\multicolovershoot=\dimen127
\multicolundershoot=\dimen128
\mult@nat@firstbox=\box65
\colbreak@box=\box66
\multicol@sort@counter=\count100
)
(c:/texlive/2013/texmf-dist/tex/generic/epsf/epsf.sty
This is `epsf.tex' v2.7.4 <14 February 2011>
\epsffilein=\read1
\epsfframemargin=\dimen129
\epsfframethickness=\dimen130
\epsfrsize=\dimen131
\epsftmp=\dimen132
\epsftsize=\dimen133
\epsfxsize=\dimen134
\epsfysize=\dimen135
\pspoints=\dimen136
) (c:/texlive/2013/texmf-dist/tex/latex/graphics/graphics.sty
Package: graphics 2009/02/05 v1.0o Standard LaTeX Graphics (DPC,SPQR)

(c:/texlive/2013/texmf-dist/tex/latex/graphics/trig.sty
Package: trig 1999/03/16 v1.09 sin cos tan (DPC)
)
(c:/texlive/2013/texmf-dist/tex/latex/latexconfig/graphics.cfg
File: graphics.cfg 2010/04/23 v1.9 graphics configuration of TeX Live
)
Package graphics Info: Driver file: dvipdfmx.def on input line 91.

(c:/texlive/2013/texmf-dist/tex/latex/dvipdfmx-def/dvipdfmx.def
File: dvipdfmx.def 2013/09/21 v3.3 LaTeX graphics driver for dvipdfmx (TeX Live
/ChoF)
))
(c:/texlive/2013/texmf-dist/tex/latex/boxedminipage/boxedminipage.sty)
(c:/texlive/2013/texmf-dist/tex/latex/graphics/epsfig.sty
Package: epsfig 1999/02/16 v1.7a (e)psfig emulation (SPQR)

(c:/texlive/2013/texmf-dist/tex/latex/graphics/graphicx.sty
Package: graphicx 1999/02/16 v1.0f Enhanced LaTeX Graphics (DPC,SPQR)

(c:/texlive/2013/texmf-dist/tex/latex/graphics/keyval.sty
Package: keyval 1999/03/16 v1.13 key=value parser (DPC)
\KV@toks@=\toks15
)
\Gin@req@height=\dimen137
\Gin@req@width=\dimen138
)
\epsfxsize=\dimen139
\epsfysize=\dimen140
)
(c:/texlive/2013/texmf-dist/tex/latex/amsmath/amsmath.sty
Package: amsmath 2013/01/14 v2.14 AMS math features
\@mathmargin=\skip45

For additional information on amsmath, use the `?' option.
(c:/texlive/2013/texmf-dist/tex/latex/amsmath/amstext.sty
Package: amstext 2000/06/29 v2.01

(c:/texlive/2013/texmf-dist/tex/latex/amsmath/amsgen.sty
File: amsgen.sty 1999/11/30 v2.0
\@emptytoks=\toks16
\ex@=\dimen141
))
(c:/texlive/2013/texmf-dist/tex/latex/amsmath/amsbsy.sty
Package: amsbsy 1999/11/29 v1.2d
\pmbraise@=\dimen142
)
(c:/texlive/2013/texmf-dist/tex/latex/amsmath/amsopn.sty
Package: amsopn 1999/12/14 v2.01 operator names
)
\inf@bad=\count101
LaTeX Info: Redefining \frac on input line 210.
\uproot@=\count102
\leftroot@=\count103
LaTeX Info: Redefining \overline on input line 306.
\classnum@=\count104
\DOTSCASE@=\count105
LaTeX Info: Redefining \ldots on input line 378.
LaTeX Info: Redefining \dots on input line 381.
LaTeX Info: Redefining \cdots on input line 466.
\Mathstrutbox@=\box67
\strutbox@=\box68
\big@size=\dimen143
LaTeX Font Info:    Redeclaring font encoding OML on input line 566.
LaTeX Font Info:    Redeclaring font encoding OMS on input line 567.
\macc@depth=\count106
\c@MaxMatrixCols=\count107
\dotsspace@=\muskip10
\c@parentequation=\count108
\dspbrk@lvl=\count109
\tag@help=\toks17
\row@=\count110
\column@=\count111
\maxfields@=\count112
\andhelp@=\toks18
\eqnshift@=\dimen144
\alignsep@=\dimen145
\tagshift@=\dimen146
\tagwidth@=\dimen147
\totwidth@=\dimen148
\lineht@=\dimen149
\@envbody=\toks19
\multlinegap=\skip46
\multlinetaggap=\skip47
\mathdisplay@stack=\toks20
LaTeX Info: Redefining \[ on input line 2665.
LaTeX Info: Redefining \] on input line 2666.
)
(c:/texlive/2013/texmf-dist/tex/latex/amsfonts/amssymb.sty
Package: amssymb 2013/01/14 v3.01 AMS font symbols

(c:/texlive/2013/texmf-dist/tex/latex/amsfonts/amsfonts.sty
Package: amsfonts 2013/01/14 v3.01 Basic AMSFonts support
\symAMSa=\mathgroup5
\symAMSb=\mathgroup6
LaTeX Font Info:    Overwriting math alphabet `\mathfrak' in version `bold'
(Font)                  U/euf/m/n --> U/euf/b/n on input line 106.
))
(c:/texlive/2013/texmf-dist/tex/platex/base/ascmac.sty
(c:/texlive/2013/texmf-dist/tex/platex/base/tascmac.sty
\@savetbaselineshift=\dimen150
\@saveybaselineshift=\dimen151
\scb@x=\box69
\scscb@x=\box70
\@bw=\dimen152
\@nbox=\box71
\@nbody=\box72
\@scw=\dimen153
\@itemh=\dimen154
\@iboxpos=\toks21
\@iboxstr=\box73
\@bwsp=\box74
\@@bwsp=\box75
\@bcal=\count113
\shaderule=\dimen155
))
(c:/texlive/2013/texmf-dist/tex/latex/tools/enumerate.sty
Package: enumerate 1999/03/05 v3.00 enumerate extensions (DPC)
\@enLab=\toks22
)
(c:/texlive/2013/texmf-dist/tex/latex/url/url.sty
\Urlmuskip=\muskip11
Package: url 2006/04/12  ver 3.3  Verb mode for urls, etc.
))

LaTeX Warning: You have requested package `master_thesis',
               but the package provides `overcite'.

Package: overcite 2001/10/14  v 3.9
) (./here.sty) (c:/texlive/2013/texmf-dist/tex/latex/subfigure/subfigure.sty
Package: subfigure 2002/03/15 v2.1.5 subfigure package
\subfigtopskip=\skip48
\subfigcapskip=\skip49
\subfigcaptopadj=\dimen156
\subfigbottomskip=\skip50
\subfigcapmargin=\dimen157
\subfiglabelskip=\skip51
\c@subfigure=\count114
\c@lofdepth=\count115
\c@subtable=\count116
\c@lotdepth=\count117

****************************************
* Local config file subfigure.cfg used *
****************************************
(c:/texlive/2013/texmf-dist/tex/latex/subfigure/subfigure.cfg)
\subfig@top=\skip52
\subfig@bottom=\skip53
)
(c:/texlive/2013/texmf-dist/tex/latex/multirow/multirow.sty
\bigstrutjot=\dimen158
)
(c:/texlive/2013/texmf-dist/tex/latex/graphics/lscape.sty
Package: lscape 2000/10/22 v3.01 Landscape Pages (DPC)
)
(c:/texlive/2013/texmf-dist/tex/latex/framed/framed.sty
Package: framed 2011/10/22 v 0.96: framed or shaded text with page breaks
\OuterFrameSep=\skip54
\fb@frw=\dimen159
\fb@frh=\dimen160
\FrameRule=\dimen161
\FrameSep=\dimen162
)
(c:/texlive/2013/texmf-dist/tex/latex/graphics/color.sty
Package: color 2005/11/14 v1.0j Standard LaTeX Color (DPC)

(c:/texlive/2013/texmf-dist/tex/latex/latexconfig/color.cfg
File: color.cfg 2007/01/18 v1.5 color configuration of teTeX/TeXLive
)
Package color Info: Driver file: dvipdfmx.def on input line 130.

(c:/texlive/2013/texmf-dist/tex/latex/graphics/dvipsnam.def
File: dvipsnam.def 1999/02/16 v3.0i Driver-dependant file (DPC,SPQR)
))
(c:/texlive/2013/texmf-dist/tex/latex/tools/bm.sty
Package: bm 2004/02/26 v1.1c Bold Symbol Support (DPC/FMi)
\symboldoperators=\mathgroup7
\symboldletters=\mathgroup8
\symboldsymbols=\mathgroup9
\symboldmincho=\mathgroup10
LaTeX Font Info:    Redeclaring math alphabet \mathbf on input line 138.
LaTeX Info: Redefining \bm on input line 204.
)
(c:/texlive/2013/texmf-dist/tex/latex/hyperref/hyperref.sty
Package: hyperref 2012/11/06 v6.83m Hypertext links for LaTeX

(c:/texlive/2013/texmf-dist/tex/generic/oberdiek/hobsub-hyperref.sty
Package: hobsub-hyperref 2012/05/28 v1.13 Bundle oberdiek, subset hyperref (HO)


(c:/texlive/2013/texmf-dist/tex/generic/oberdiek/hobsub-generic.sty
Package: hobsub-generic 2012/05/28 v1.13 Bundle oberdiek, subset generic (HO)
Package: hobsub 2012/05/28 v1.13 Construct package bundles (HO)
Package: infwarerr 2010/04/08 v1.3 Providing info/warning/error messages (HO)
Package: ltxcmds 2011/11/09 v1.22 LaTeX kernel commands for general use (HO)
Package: ifluatex 2010/03/01 v1.3 Provides the ifluatex switch (HO)
Package ifluatex Info: LuaTeX not detected.
Package: ifvtex 2010/03/01 v1.5 Detect VTeX and its facilities (HO)
Package ifvtex Info: VTeX not detected.
Package: intcalc 2007/09/27 v1.1 Expandable calculations with integers (HO)
Package: ifpdf 2011/01/30 v2.3 Provides the ifpdf switch (HO)
Package ifpdf Info: pdfTeX in PDF mode is not detected.
Package: etexcmds 2011/02/16 v1.5 Avoid name clashes with e-TeX commands (HO)
Package etexcmds Info: Could not find \expanded.
(etexcmds)             That can mean that you are not using pdfTeX 1.50 or
(etexcmds)             that some package has redefined \expanded.
(etexcmds)             In the latter case, load this package earlier.
Package: kvsetkeys 2012/04/25 v1.16 Key value parser (HO)
Package: kvdefinekeys 2011/04/07 v1.3 Define keys (HO)
Package: pdftexcmds 2011/11/29 v0.20 Utility functions of pdfTeX for LuaTeX (HO
)
Package pdftexcmds Info: LuaTeX not detected.
Package pdftexcmds Info: pdfTeX >= 1.30 not detected.
Package pdftexcmds Info: \pdf@primitive is not available.
Package pdftexcmds Info: \pdf@ifprimitive is not available.
Package pdftexcmds Info: \pdfdraftmode not found.
Package: pdfescape 2011/11/25 v1.13 Implements pdfTeX's escape features (HO)
Package: bigintcalc 2012/04/08 v1.3 Expandable calculations on big integers (HO
)
Package: bitset 2011/01/30 v1.1 Handle bit-vector datatype (HO)
Package: uniquecounter 2011/01/30 v1.2 Provide unlimited unique counter (HO)
)
Package hobsub Info: Skipping package `hobsub' (already loaded).
Package: letltxmacro 2010/09/02 v1.4 Let assignment for LaTeX macros (HO)
Package: hopatch 2012/05/28 v1.2 Wrapper for package hooks (HO)
Package: xcolor-patch 2011/01/30 xcolor patch
Package: atveryend 2011/06/30 v1.8 Hooks at the very end of document (HO)
Package atveryend Info: \enddocument detected (standard20110627).
Package: atbegshi 2011/10/05 v1.16 At begin shipout hook (HO)
Package: refcount 2011/10/16 v3.4 Data extraction from label references (HO)
Package: hycolor 2011/01/30 v1.7 Color options for hyperref/bookmark (HO)
)
(c:/texlive/2013/texmf-dist/tex/generic/ifxetex/ifxetex.sty
Package: ifxetex 2010/09/12 v0.6 Provides ifxetex conditional
)
(c:/texlive/2013/texmf-dist/tex/latex/oberdiek/auxhook.sty
Package: auxhook 2011/03/04 v1.3 Hooks for auxiliary files (HO)
)
(c:/texlive/2013/texmf-dist/tex/latex/oberdiek/kvoptions.sty
Package: kvoptions 2011/06/30 v3.11 Key value format for package options (HO)
)
\@linkdim=\dimen163
\Hy@linkcounter=\count118
\Hy@pagecounter=\count119

(c:/texlive/2013/texmf-dist/tex/latex/hyperref/pd1enc.def
File: pd1enc.def 2012/11/06 v6.83m Hyperref: PDFDocEncoding definition (HO)
)
\Hy@SavedSpaceFactor=\count120

(c:/texlive/2013/texmf-dist/tex/latex/latexconfig/hyperref.cfg
File: hyperref.cfg 2002/06/06 v1.2 hyperref configuration of TeXLive
)
Package hyperref Info: Hyper figures OFF on input line 4443.
Package hyperref Info: Link nesting OFF on input line 4448.
Package hyperref Info: Hyper index ON on input line 4451.
Package hyperref Info: Plain pages OFF on input line 4458.
Package hyperref Info: Backreferencing OFF on input line 4463.
Package hyperref Info: Implicit mode ON; LaTeX internals redefined.
Package hyperref Info: Bookmarks ON on input line 4688.
\c@Hy@tempcnt=\count121
LaTeX Info: Redefining \url on input line 5041.
\XeTeXLinkMargin=\dimen164
\Fld@menulength=\count122
\Field@Width=\dimen165
\Fld@charsize=\dimen166
Package hyperref Info: Hyper figures OFF on input line 6295.
Package hyperref Info: Link nesting OFF on input line 6300.
Package hyperref Info: Hyper index ON on input line 6303.
Package hyperref Info: backreferencing OFF on input line 6310.
Package hyperref Info: Link coloring OFF on input line 6315.
Package hyperref Info: Link coloring with OCG OFF on input line 6320.
Package hyperref Info: PDF/A mode OFF on input line 6325.
LaTeX Info: Redefining \ref on input line 6365.
LaTeX Info: Redefining \pageref on input line 6369.
\Hy@abspage=\count123
\c@Item=\count124
\c@Hfootnote=\count125
)

Package hyperref Message: Driver: hdvipdfm.

(c:/texlive/2013/texmf-dist/tex/latex/hyperref/hdvipdfm.def
File: hdvipdfm.def 2012/11/06 v6.83m Hyperref driver for dvipdfm
\pdfm@box=\box76
\c@Hy@AnnotLevel=\count126
\HyField@AnnotCount=\count127
\Fld@listcount=\count128
\c@bookmark@seq@number=\count129

(c:/texlive/2013/texmf-dist/tex/latex/oberdiek/rerunfilecheck.sty
Package: rerunfilecheck 2011/04/15 v1.7 Rerun checks for auxiliary files (HO)
Package rerunfilecheck Info: Feature \pdfmdfivesum is not available
(rerunfilecheck)             (e.g. pdfTeX or LuaTeX with package `pdftexcmds').

(rerunfilecheck)             Therefore file contents cannot be checked efficien
tly
(rerunfilecheck)             and the loading of the package is aborted.
)
\Hy@SectionHShift=\skip55
)
(./pxjahyper.sty
Package: pxjahyper 2017/10/17 v0.3a


Package pxjahyper Warning: bigcode is invalid without upTeX.

) (./master_thesis.aux (./chapter-hajimeni.aux) (./chapter-deeplearning.aux)
(./chapter-melspectrogram.aux) (./chapter-old-study.aux)
(./chapter-proposed.aux) (./chapter-experiment.aux) (./chapter-owarini.aux)
(./references.aux) (./appendix.aux))
\openout1 = `master_thesis.aux'.

LaTeX Font Info:    Checking defaults for OML/cmm/m/it on input line 42.
LaTeX Font Info:    ... okay on input line 42.
LaTeX Font Info:    Checking defaults for T1/cmr/m/n on input line 42.
LaTeX Font Info:    ... okay on input line 42.
LaTeX Font Info:    Checking defaults for OT1/cmr/m/n on input line 42.
LaTeX Font Info:    ... okay on input line 42.
LaTeX Font Info:    Checking defaults for OMS/cmsy/m/n on input line 42.
LaTeX Font Info:    ... okay on input line 42.
LaTeX Font Info:    Checking defaults for OMX/cmex/m/n on input line 42.
LaTeX Font Info:    ... okay on input line 42.
LaTeX Font Info:    Checking defaults for U/cmr/m/n on input line 42.
LaTeX Font Info:    ... okay on input line 42.
LaTeX Font Info:    Checking defaults for JY1/mc/m/n on input line 42.
LaTeX Font Info:    ... okay on input line 42.
LaTeX Font Info:    Checking defaults for JT1/mc/m/n on input line 42.
LaTeX Font Info:    ... okay on input line 42.
LaTeX Font Info:    Checking defaults for PD1/pdf/m/n on input line 42.
LaTeX Font Info:    ... okay on input line 42.
\AtBeginShipoutBox=\box77
Package hyperref Info: Link coloring OFF on input line 42.

(c:/texlive/2013/texmf-dist/tex/latex/hyperref/nameref.sty
Package: nameref 2012/10/27 v2.43 Cross-referencing by name of section

(c:/texlive/2013/texmf-dist/tex/generic/oberdiek/gettitlestring.sty
Package: gettitlestring 2010/12/03 v1.4 Cleanup title references (HO)
)
\c@section@level=\count130
)
LaTeX Info: Redefining \ref on input line 42.
LaTeX Info: Redefining \pageref on input line 42.
LaTeX Info: Redefining \nameref on input line 42.

(./master_thesis.out) (./master_thesis.out)
\@outlinefile=\write3
\openout3 = `master_thesis.out'.

LaTeX Font Info:    Try loading font information for U+msa on input line 54.

(c:/texlive/2013/texmf-dist/tex/latex/amsfonts/umsa.fd
File: umsa.fd 2013/01/14 v3.01 AMS symbols A
)
LaTeX Font Info:    Try loading font information for U+msb on input line 54.

(c:/texlive/2013/texmf-dist/tex/latex/amsfonts/umsb.fd
File: umsb.fd 2013/01/14 v3.01 AMS symbols B
) [1

]
LaTeX Font Info:    Font shape `JT1/mc/bx/n' in size <14.4> not available
(Font)              Font shape `JT1/gt/m/n' tried instead on input line 79.
LaTeX Font Info:    Font shape `JY1/mc/bx/n' in size <14.4> not available
(Font)              Font shape `JY1/gt/m/n' tried instead on input line 79.
 [1]
LaTeX Font Info:    Font shape `JT1/mc/bx/n' in size <20.74> not available
(Font)              Font shape `JT1/gt/m/n' tried instead on input line 92.
LaTeX Font Info:    Font shape `JY1/mc/bx/n' in size <20.74> not available
(Font)              Font shape `JY1/gt/m/n' tried instead on input line 92.

(./master_thesis.toc
LaTeX Font Info:    Font shape `JT1/mc/bx/n' in size <10.95> not available
(Font)              Font shape `JT1/gt/m/n' tried instead on input line 1.
LaTeX Font Info:    Font shape `JY1/mc/bx/n' in size <10.95> not available
(Font)              Font shape `JY1/gt/m/n' tried instead on input line 1.
 [2

] [3])
\tf@toc=\write4
\openout4 = `master_thesis.toc'.

 [4]
\openout2 = `chapter-hajimeni.aux'.

 (./chapter-hajimeni.tex
第 1 章
[1


]
Missing character: There is no ^^ef in font cmr10!
Missing character: There is no ^^bd in font cmr10!
Missing character: There is no ^^bc in font cmr10!
Missing character: There is no ^^ef in font cmr10!
Missing character: There is no ^^be in font cmr10!
Missing character: There is no ^^9e in font cmr10!
Missing character: There is no ^^ef in font cmr10!
Missing character: There is no ^^bd in font cmr10!
Missing character: There is no ^^ac in font cmr10!
Missing character: There is no ^^ef in font cmr10!
Missing character: There is no ^^be in font cmr10!
Missing character: There is no ^^9d in font cmr10!
Missing character: There is no ^^ef in font cmr10!
Missing character: There is no ^^be in font cmr10!
Missing character: There is no ^^99 in font cmr10!
) [2]
\openout2 = `chapter-deeplearning.aux'.

 (./chapter-deeplearning.tex
第 2 章
File: ./images/deeplearning/neuron_model.png Graphic file (type bmp)
<./images/deeplearning/neuron_model.png>
Overfull \hbox (8.93495pt too wide) in paragraph at lines 9--10
 [] 
 []

File: ./images/deeplearning/tasou.png Graphic file (type bmp)
<./images/deeplearning/tasou.png>
Overfull \hbox (7.42934pt too wide) in paragraph at lines 16--17
 [] 
 []


Overfull \hbox (2.43332pt too wide) in paragraph at lines 7--21
[]$[]$ $[]$ 
 []

LaTeX Font Info:    Font shape `JT1/mc/bx/n' in size <12> not available
(Font)              Font shape `JT1/gt/m/n' tried instead on input line 24.
LaTeX Font Info:    Font shape `JY1/mc/bx/n' in size <12> not available
(Font)              Font shape `JY1/gt/m/n' tried instead on input line 24.
[3



]
File: ./images/deeplearning/sgd.png Graphic file (type bmp)
 <./images/deeplearning/sgd.png> [4] [5]
File: ./images/deeplearning/CNN.png Graphic file (type bmp)
 <./images/deeplearning/CNN.png>
[6]
File: ./images/deeplearning/convolution.png Graphic file (type bmp)
 <./images/deeplearning/convolution.png>
File: ./images/deeplearning/pooling.png Graphic file (type bmp)

<./images/deeplearning/pooling.png> [7] [8]
File: ./images/deeplearning/GAN.png Graphic file (type bmp)
 <./images/deeplearning/GAN.png>
Overfull \hbox (0.8105pt too wide) in paragraph at lines 134--135
 [] 
 []

[9] [10] [11] [12] [13]) [14]
\openout2 = `chapter-melspectrogram.aux'.

 (./chapter-melspectrogram.tex
第 3 章
) [15



]
\openout2 = `chapter-old-study.aux'.

 (./chapter-old-study.tex
第 4 章
File: ./images/old-study/data-process.png Graphic file (type bmp)
<./images/old-study/data-process.png>
File: ./images/old-study/network.png Graphic file (type bmp)
 <./images/old-study/network.png> [16



]
[17]
File: ./images/old-study/matrix.png Graphic file (type bmp)
 <./images/old-study/matrix.png> [18

]
File: ./images/old-study/gradcam.png Graphic file (type bmp)
 <./images/old-study/gradcam.png>
[19]
File: ./images/old-study/gradient.png Graphic file (type bmp)
 <./images/old-study/gradient.png> [20]
File: ./images/old-study/fail-gradcam.png Graphic file (type bmp)

<./images/old-study/fail-gradcam.png> [21

]
File: ./images/old-study/median-filter.png Graphic file (type bmp)

<./images/old-study/median-filter.png>
File: ./images/old-study/median-filter2.png Graphic file (type bmp)
 <./images/old-study/median-filter2.png>
File: ./images/old-study/median-fre.png Graphic file (type bmp)

<./images/old-study/median-fre.png> [22

]
File: ./images/old-study/median-time.png Graphic file (type bmp)
 <./images/old-study/median-time.png>
[23] [24]) [25

]
\openout2 = `chapter-proposed.aux'.

 (./chapter-proposed.tex
第 5 章
File: ./images/dataset/gtzan.png Graphic file (type bmp)
<./images/dataset/gtzan.png>
Overfull \hbox (20.17377pt too wide) in paragraph at lines 82--84
 [] 
 []


LaTeX Warning: Float too large for page by 22.7888pt on input line 85.

[26



] [27] [28]
File: ./images/dataset/makedataset.png Graphic file (type bmp)
 <./images/dataset/makedataset.png>
Overfull \hbox (28.50766pt too wide) in paragraph at lines 117--118
 [] 
 []

[29]
File: ./images/classify-model/proposedCNN.png Graphic file (type bmp)
 <./images/classify-model/proposedCNN.png>
File: ./images/classify-model/network.png Graphic file (type bmp)

<./images/classify-model/network.png> [30

]
File: ./images/generate-model/abst.png Graphic file (type bmp)
 <./images/generate-model/abst.png>
Overfull \hbox (35.93741pt too wide) in paragraph at lines 164--165
 [] 
 []

File: ./images/generate-model/abst2.png Graphic file (type bmp)
<./images/generate-model/abst2.png> [31]
File: ./images/generate-model/proposed_gan.png Graphic file (type bmp)

<./images/generate-model/proposed_gan.png>
Overfull \hbox (19.73828pt too wide) in paragraph at lines 187--188
 [] 
 []

File: ./images/generate-model/generator.png Graphic file (type bmp)
<./images/generate-model/generator.png>
File: ./images/generate-model/discriminator.png Graphic file (type bmp)

<./images/generate-model/discriminator.png> [32

] [33]
File: ./images/generate-model/continuous_gan.png Graphic file (type bmp)

<./images/generate-model/continuous_gan.png>
File: ./images/generate-model/continuous.png Graphic file (type bmp)

<./images/generate-model/continuous.png> [34

]
File: ./images/visualize/randomnoise.png Graphic file (type bmp)

<./images/visualize/randomnoise.png>
File: ./images/visualize/variablenoise.png Graphic file (type bmp)
 <./images/visualize/variablenoise.png>
File: ./images/visualize/map0.png Graphic file (type bmp)

<./images/visualize/map0.png>
Overfull \hbox (1.8099pt too wide) in paragraph at lines 252--253
 [] 
 []

) [35

] [36]
\openout2 = `chapter-experiment.aux'.

 (./chapter-experiment.tex
第 6 章
File: ./images/dataset/crossval.png Graphic file (type bmp)
<./images/dataset/crossval.png>
File: ./images/classify-model/loss_acuuracy_CNN_mel_0.png Graphic file (type bm
p)

<./images/classify-model/loss_acuuracy_CNN_mel_0.png>
File: ./images/classify-model/loss_acuuracy_CNN_mel_1.png Graphic file (type bm
p)

<./images/classify-model/loss_acuuracy_CNN_mel_1.png>

LaTeX Warning: Float too large for page by 23.38454pt on input line 25.

File: ./images/classify-model/loss_acuuracy_CNN_mel_2.png Graphic file (type bm
p)
<./images/classify-model/loss_acuuracy_CNN_mel_2.png>
File: ./images/classify-model/loss_acuuracy_CNN_mel_3.png Graphic file (type bm
p)

<./images/classify-model/loss_acuuracy_CNN_mel_3.png>

LaTeX Warning: Float too large for page by 23.38454pt on input line 35.

File: ./images/classify-model/loss_acuuracy_CNN_mel_4.png Graphic file (type bm
p)
<./images/classify-model/loss_acuuracy_CNN_mel_4.png>
File: ./images/classify-model/loss_acuuracy_CNN_mel_5.png Graphic file (type bm
p)

<./images/classify-model/loss_acuuracy_CNN_mel_5.png>

LaTeX Warning: Float too large for page by 23.38454pt on input line 45.

File: ./images/classify-model/loss_acuuracy_CNN_mel_6.png Graphic file (type bm
p)
<./images/classify-model/loss_acuuracy_CNN_mel_6.png>
File: ./images/classify-model/loss_acuuracy_CNN_mel_7.png Graphic file (type bm
p)

<./images/classify-model/loss_acuuracy_CNN_mel_7.png>

LaTeX Warning: Float too large for page by 23.38454pt on input line 55.

File: ./images/classify-model/loss_acuuracy_CNN_mel_8.png Graphic file (type bm
p)
<./images/classify-model/loss_acuuracy_CNN_mel_8.png>
File: ./images/classify-model/loss_acuuracy_CNN_mel_9.png Graphic file (type bm
p)

<./images/classify-model/loss_acuuracy_CNN_mel_9.png>

LaTeX Warning: Float too large for page by 23.38454pt on input line 65.

[37



] [38] [39] [40] [41] [42]
File: ./images/classify-model/classify30s.png Graphic file (type bmp)
 <./images/classify-model/classify30s.png>
Overfull \hbox (16.5631pt too wide) in paragraph at lines 74--75
 [] 
 []

[43]
File: ./images/classify-model/mel0_matrix.png Graphic file (type bmp)
 <./images/classify-model/mel0_matrix.png>
File: ./images/classify-model/mel1_matrix.png Graphic file (type bmp)

<./images/classify-model/mel1_matrix.png>
File: ./images/classify-model/mel2_matrix.png Graphic file (type bmp)

<./images/classify-model/mel2_matrix.png>
File: ./images/classify-model/mel3_matrix.png Graphic file (type bmp)

<./images/classify-model/mel3_matrix.png>
File: ./images/classify-model/mel4_matrix.png Graphic file (type bmp)

<./images/classify-model/mel4_matrix.png>
File: ./images/classify-model/mel5_matrix.png Graphic file (type bmp)

<./images/classify-model/mel5_matrix.png>
File: ./images/classify-model/mel6_matrix.png Graphic file (type bmp)

<./images/classify-model/mel6_matrix.png>
File: ./images/classify-model/mel7_matrix.png Graphic file (type bmp)

<./images/classify-model/mel7_matrix.png>
File: ./images/classify-model/mel8_matrix.png Graphic file (type bmp)

<./images/classify-model/mel8_matrix.png>
File: ./images/classify-model/mel9_matrix.png Graphic file (type bmp)

<./images/classify-model/mel9_matrix.png> [44] [45] [46] [47] [48]
File: ./images/classify-model/crossval.png Graphic file (type bmp)

<./images/classify-model/crossval.png> [49

]
File: ./images/generate-model/lossmutual_gan_2.png Graphic file (type bmp)

<./images/generate-model/lossmutual_gan_2.png> [50

]
File: ./images/generate-model/gen-blues.png Graphic file (type bmp)

<./images/generate-model/gen-blues.png>
File: ./images/generate-model/gen-classical.png Graphic file (type bmp)

<./images/generate-model/gen-classical.png>
File: ./images/generate-model/gen-country.png Graphic file (type bmp)

<./images/generate-model/gen-country.png>
File: ./images/generate-model/gen-disco.png Graphic file (type bmp)

<./images/generate-model/gen-disco.png>
File: ./images/generate-model/gen-hiphop.png Graphic file (type bmp)

<./images/generate-model/gen-hiphop.png>
File: ./images/generate-model/gen-jazz.png Graphic file (type bmp)

<./images/generate-model/gen-jazz.png>
File: ./images/generate-model/gen-metal.png Graphic file (type bmp)
 <./images/generate-model/gen-metal.png>
File: ./images/generate-model/gen-pop.png Graphic file (type bmp)

<./images/generate-model/gen-pop.png>
File: ./images/generate-model/gen-reggae.png Graphic file (type bmp)
 <./images/generate-model/gen-reggae.png>
File: ./images/generate-model/gen-rock.png Graphic file (type bmp)

<./images/generate-model/gen-rock.png> [51

] [52] [53] [54] [55] [56] [57]
File: ./images/visualize/map_trans.png Graphic file (type bmp)

<./images/visualize/map_trans.png>
File: ./images/visualize/prob_trans.png Graphic file (type bmp)
 <./images/visualize/prob_trans.png>

LaTeX Warning: Float too large for page by 20.17256pt on input line 293.

File: ./images/visualize/map6.png Graphic file (type bmp)
<./images/visualize/map6.png>
File: ./images/visualize/trans2.png Graphic file (type bmp)
 <./images/visualize/trans2.png>
Overfull \hbox (48.18108pt too wide) in paragraph at lines 301--302
 [][] 
 []

) [58] [59]
\openout2 = `chapter-owarini.aux'.

 (./chapter-owarini.tex
第 7 章
) [60



] [61


]
\openout2 = `references.aux'.

 (./references.tex
No file master_thesis.bbl.

Underfull \hbox (badness 1478) in paragraph at lines 55--56
[]\OT1/cmr/m/n/10.95 Ishaan Gul-ra-jani, Faruk Ahmed, Mar-tin Ar-jovsky, Vin-ce
nt Du-moulin Aaron
 []

[62


]
Underfull \hbox (badness 5189) in paragraph at lines 67--68
[] \JY1/mc/m/n/10.95 ” \OT1/cmr/m/n/10.95 MARSYAS, Mu-sic Anal-y-sis Re-trieva
l and SYn-the-sis for Au-dio Sig-nals,
 []

) [63]
\openout2 = `appendix.aux'.

 (./appendix.tex
付 録 A  
[64



]
付 録 B  
File: ./images/appendix/6_gradcam.png Graphic file (type bmp)
<./images/appendix/6_gradcam.png> [65

]
付 録 C  
)
Overfull \hbox (39.35237pt too wide) in paragraph at lines 21--143
[][]$\OT1/cmtt/m/n/10.95 https : / / github . com / hayashi-[]labratory / yamak
awa _ master _ paper _ sorcecode / tree / master /
 []

[66

]
Package atveryend Info: Empty hook `BeforeClearDocument' on input line 146.
Package atveryend Info: Empty hook `AfterLastShipout' on input line 146.
 (./master_thesis.aux (./chapter-hajimeni.aux) (./chapter-deeplearning.aux) (./
chapter-melspectrogram.aux) (./chapter-old-study.aux)
(./chapter-proposed.aux) (./chapter-experiment.aux) (./chapter-owarini.aux)
(./references.aux) (./appendix.aux))
Package atveryend Info: Empty hook `AtVeryEndDocument' on input line 146.
Package atveryend Info: Empty hook `AtEndAfterFileList' on input line 146.
Package atveryend Info: Empty hook `AtVeryVeryEnd' on input line 146.
 ) 
Here is how much of TeX's memory you used:
 6779 strings out of 494004
 97993 string characters out of 6157311
 200446 words of memory out of 5000000
 9993 multiletter control sequences out of 15000+600000
 20901 words of font info for 82 fonts, out of 8000000 for 9000
 745 hyphenation exceptions out of 8191
 44i,15n,30p,846b,431s stack positions out of 5000i,500n,10000p,200000b,80000s

Output written on master_thesis.dvi (71 pages, 194384 bytes).
