%このファイルは日本語文字を含みます.
\BOOKMARK [0][-]{chapter.1}{はじめに}{}% 1
\BOOKMARK [0][-]{chapter.2}{ニューラルネットを用いた機械学習}{}% 2
\BOOKMARK [1][-]{section.2.1}{深層学習}{chapter.2}% 3
\BOOKMARK [1][-]{section.2.2}{損失関数と重み最適化}{chapter.2}% 4
\BOOKMARK [2][-]{subsection.2.2.1}{損失関数}{section.2.2}% 5
\BOOKMARK [2][-]{subsection.2.2.2}{重み最適化}{section.2.2}% 6
\BOOKMARK [2][-]{subsection.2.2.3}{Adam}{section.2.2}% 7
\BOOKMARK [1][-]{section.2.3}{畳み込みニューラルネットワーク}{chapter.2}% 8
\BOOKMARK [2][-]{subsection.2.3.1}{畳み込み層}{section.2.3}% 9
\BOOKMARK [2][-]{subsection.2.3.2}{プーリング層}{section.2.3}% 10
\BOOKMARK [2][-]{subsection.2.3.3}{全結合層と活性化関数}{section.2.3}% 11
\BOOKMARK [1][-]{section.2.4}{敵対生成ネットワーク}{chapter.2}% 12
\BOOKMARK [2][-]{subsection.2.4.1}{GANの損失関数}{section.2.4}% 13
\BOOKMARK [2][-]{subsection.2.4.2}{GANの最適解}{section.2.4}% 14
\BOOKMARK [0][-]{chapter.3}{先行研究}{}% 15
\BOOKMARK [1][-]{section.3.1}{概要}{chapter.3}% 16
\BOOKMARK [1][-]{section.3.2}{拡張畳み込み層}{chapter.3}% 17
\BOOKMARK [1][-]{section.3.3}{補完ネットワーク}{chapter.3}% 18
\BOOKMARK [1][-]{section.3.4}{識別ネットワーク}{chapter.3}% 19
\BOOKMARK [0][-]{chapter.4}{提案手法}{}% 20
\BOOKMARK [0][-]{chapter.5}{提案手法の性能評価}{}% 21
\BOOKMARK [1][-]{section.5.1}{評価実験の概要}{chapter.5}% 22
\BOOKMARK [1][-]{section.5.2}{評価実験に用いた環境・ツール}{chapter.5}% 23
\BOOKMARK [2][-]{subsection.5.2.1}{実験環境}{section.5.2}% 24
\BOOKMARK [2][-]{subsection.5.2.2}{使用したプログラミング言語とライブラリ}{section.5.2}% 25
\BOOKMARK [1][-]{section.5.3}{データセット}{chapter.5}% 26
\BOOKMARK [1][-]{section.5.4}{実験結果}{chapter.5}% 27
\BOOKMARK [0][-]{chapter.6}{考察}{}% 28
\BOOKMARK [0][-]{chapter.7}{まとめ}{}% 29
\BOOKMARK [0][-]{appendix.A}{プログラムのソースコード}{}% 30
